creating new log file
Thu Aug  1 15:32:54 -04 2024
initial ts1: Thu Aug  1 15:32:54 -04 2024
initial ts2: 1722540774
cmd: /usr/bin/darknet detector -map -dont_show train /home/gflores/src/DarkPlate/nn/nn.data /home/gflores/src/DarkPlate/nn/nn.cfg
Darknet [1;37mv2.0-226-g39868921[0m
[1;33mDarknet is compiled to only use the CPU.[0m  GPU is [1;31mdisabled[0m.
 Used AVX 
 Used FMA & AVX2 
OpenCV [1;37mv4.6.0[0m

* * * * * * * * * * * * * * * * * * * * * * * * * * * * *
* Error location: /home/gflores/src/darknet/src-lib/detector.cpp, train_detector(), line #35
* Error message:  [1;31mAn attempt was made to start training without a GPU.  Please see the FAQ.[0m
* Thread #133655655735552: main darknet thread
* Version v2.0-226-g39868921 built on Jul 30 2024 16:22:40
* * * * * * * * * * * * * * * * * * * * * * * * * * * * *
backtrace (8 entries):
1/8: /usr/bin/darknet(_Z13log_backtracev+0x36) [0x59c0719dd576]
2/8: /usr/bin/darknet(darknet_fatal_error+0x557) [0x59c0719ddf27]
3/8: /usr/bin/darknet(+0x9f70b) [0x59c07193f70b]
4/8: /usr/bin/darknet(_Z12run_detectoriPPc+0xc63) [0x59c071947913]
5/8: /usr/bin/darknet(main+0x66b) [0x59c0718ce71b]
6/8: /lib/x86_64-linux-gnu/libc.so.6(+0x2a1ca) [0x798f3582a1ca]
7/8: /lib/x86_64-linux-gnu/libc.so.6(__libc_start_main+0x8b) [0x798f3582a28b]
8/8: /usr/bin/darknet(_start+0x25) [0x59c0718cf155]
known threads:  1
1/1: #133655655735552: main darknet thread
Command terminated by signal 6
	Command being timed: "/usr/bin/darknet detector -map -dont_show train /home/gflores/src/DarkPlate/nn/nn.data /home/gflores/src/DarkPlate/nn/nn.cfg"
	User time (seconds): 0.09
	System time (seconds): 0.03
	Percent of CPU this job got: 9%
	Elapsed (wall clock) time (h:mm:ss or m:ss): 0:01.35
	Average shared text size (kbytes): 0
	Average unshared data size (kbytes): 0
	Average stack size (kbytes): 0
	Average total size (kbytes): 0
	Maximum resident set size (kbytes): 69376
	Average resident set size (kbytes): 0
	Major (requiring I/O) page faults: 0
	Minor (reclaiming a frame) page faults: 5473
	Voluntary context switches: 3
	Involuntary context switches: 8
	Swaps: 0
	File system inputs: 0
	File system outputs: 0
	Socket messages sent: 0
	Socket messages received: 0
	Signals delivered: 0
	Page size (bytes): 4096
	Exit status: 0
ts1: Thu Aug  1 15:32:54 -04 2024
ts2: 1722540774
ts3: Thu Aug  1 15:32:55 -04 2024
ts4: 1722540775
